 
 -------------- celery@techpark-5 v5.4.0 (opalescent)
--- ***** ----- 
-- ******* ---- Linux-6.17.0-22-generic-x86_64-with-glibc2.39 2026-04-27 11:15:27
- *** --- * --- 
- ** ---------- [config]
- ** ---------- .> app:         vaidyaai:0x7b626c9b9550
- ** ---------- .> transport:   redis://localhost:6379/0
- ** ---------- .> results:     redis://localhost:6379/1
- *** --- * --- .> concurrency: 24 (prefork)
-- ******* ---- .> task events: OFF (enable -E to monitor tasks in this worker)
--- ***** ----- 
 -------------- [queues]
                .> celery           exchange=celery(direct) key=celery
                

[tasks]
  . app.workers.claim_tasks.verify_claim
  . app.workers.image_tasks.analyze_image
  . app.workers.report_tasks.analyze_report

[2026-04-27 11:15:29,918: WARNING/MainProcess] /home/techpark-5/Documents/vadiyaaAI/.venv/lib/python3.12/site-packages/celery/worker/consumer/consumer.py:508: CPendingDeprecationWarning: The broker_connection_retry configuration setting will no longer determine
whether broker connection retries are made during startup in Celery 6.0 and above.
If you wish to retain the existing behavior for retrying connections on startup,
you should set broker_connection_retry_on_startup to True.
  warnings.warn(

[2026-04-27 11:15:29,922: INFO/MainProcess] Connected to redis://localhost:6379/0
[2026-04-27 11:15:29,922: WARNING/MainProcess] /home/techpark-5/Documents/vadiyaaAI/.venv/lib/python3.12/site-packages/celery/worker/consumer/consumer.py:508: CPendingDeprecationWarning: The broker_connection_retry configuration setting will no longer determine
whether broker connection retries are made during startup in Celery 6.0 and above.
If you wish to retain the existing behavior for retrying connections on startup,
you should set broker_connection_retry_on_startup to True.
  warnings.warn(

[2026-04-27 11:15:29,923: INFO/MainProcess] mingle: searching for neighbors
[2026-04-27 11:15:30,926: INFO/MainProcess] mingle: all alone
[2026-04-27 11:15:30,932: INFO/MainProcess] celery@techpark-5 ready.
[2026-04-27 11:31:13,650: INFO/MainProcess] Task app.workers.report_tasks.analyze_report[9e5c22d8-4fa2-45e7-bff4-70b3d5092472] received
[2026-04-27 11:31:13,771: ERROR/ForkPoolWorker-13] analyze_report failed for 55d53bf7-819c-473d-981b-bd7140a85b33: pkl not found: /home/techpark-5/Documents/vadiyaaAI/app/ml/models/xgb_calibrated.pkl. Copy Shree's pkl files into app/ml/models/
[2026-04-27 11:31:13,788: INFO/ForkPoolWorker-13] Task app.workers.report_tasks.analyze_report[9e5c22d8-4fa2-45e7-bff4-70b3d5092472] retry: Retry in 5s: FileNotFoundError("pkl not found: /home/techpark-5/Documents/vadiyaaAI/app/ml/models/xgb_calibrated.pkl. Copy Shree's pkl files into app/ml/models/")
[2026-04-27 11:31:18,915: INFO/MainProcess] Task app.workers.report_tasks.analyze_report[9e5c22d8-4fa2-45e7-bff4-70b3d5092472] received
[2026-04-27 11:31:23,977: ERROR/ForkPoolWorker-13] analyze_report failed for 55d53bf7-819c-473d-981b-bd7140a85b33: pkl not found: /home/techpark-5/Documents/vadiyaaAI/app/ml/models/xgb_calibrated.pkl. Copy Shree's pkl files into app/ml/models/
[2026-04-27 11:31:23,984: INFO/ForkPoolWorker-13] Task app.workers.report_tasks.analyze_report[9e5c22d8-4fa2-45e7-bff4-70b3d5092472] retry: Retry in 5s: FileNotFoundError("pkl not found: /home/techpark-5/Documents/vadiyaaAI/app/ml/models/xgb_calibrated.pkl. Copy Shree's pkl files into app/ml/models/")
[2026-04-27 11:31:31,524: INFO/MainProcess] Task app.workers.report_tasks.analyze_report[f4ff5de8-5fbf-4695-803d-4e1d45b83605] received
[2026-04-27 11:31:31,590: ERROR/ForkPoolWorker-13] analyze_report failed for d9a6a679-57ff-4be0-8fca-dfbb205d4e81: pkl not found: /home/techpark-5/Documents/vadiyaaAI/app/ml/models/xgb_calibrated.pkl. Copy Shree's pkl files into app/ml/models/
[2026-04-27 11:31:31,598: INFO/ForkPoolWorker-13] Task app.workers.report_tasks.analyze_report[f4ff5de8-5fbf-4695-803d-4e1d45b83605] retry: Retry in 5s: FileNotFoundError("pkl not found: /home/techpark-5/Documents/vadiyaaAI/app/ml/models/xgb_calibrated.pkl. Copy Shree's pkl files into app/ml/models/")
[2026-04-27 11:31:41,749: INFO/MainProcess] Task app.workers.report_tasks.analyze_report[f4ff5de8-5fbf-4695-803d-4e1d45b83605] received
[2026-04-27 11:31:46,815: ERROR/ForkPoolWorker-13] analyze_report failed for d9a6a679-57ff-4be0-8fca-dfbb205d4e81: pkl not found: /home/techpark-5/Documents/vadiyaaAI/app/ml/models/xgb_calibrated.pkl. Copy Shree's pkl files into app/ml/models/
[2026-04-27 11:31:46,825: ERROR/ForkPoolWorker-13] Report task f4ff5de8-5fbf-4695-803d-4e1d45b83605 failed: pkl not found: /home/techpark-5/Documents/vadiyaaAI/app/ml/models/xgb_calibrated.pkl. Copy Shree's pkl files into app/ml/models/
[2026-04-27 11:31:46,825: ERROR/ForkPoolWorker-13] Task app.workers.report_tasks.analyze_report[f4ff5de8-5fbf-4695-803d-4e1d45b83605] raised unexpected: FileNotFoundError("pkl not found: /home/techpark-5/Documents/vadiyaaAI/app/ml/models/xgb_calibrated.pkl. Copy Shree's pkl files into app/ml/models/")
Traceback (most recent call last):
  File "/home/techpark-5/Documents/vadiyaaAI/.venv/lib/python3.12/site-packages/celery/app/trace.py", line 453, in trace_task
    R = retval = fun(*args, **kwargs)
                 ^^^^^^^^^^^^^^^^^^^^
  File "/home/techpark-5/Documents/vadiyaaAI/.venv/lib/python3.12/site-packages/celery/app/trace.py", line 736, in __protected_call__
    return self.run(*args, **kwargs)
           ^^^^^^^^^^^^^^^^^^^^^^^^^
  File "/home/techpark-5/Documents/vadiyaaAI/app/workers/report_tasks.py", line 103, in analyze_report
    raise self.retry(exc=exc, countdown=5)
          ^^^^^^^^^^^^^^^^^^^^^^^^^^^^^^^^
  File "/home/techpark-5/Documents/vadiyaaAI/.venv/lib/python3.12/site-packages/celery/app/task.py", line 736, in retry
    raise_with_context(exc)
  File "/home/techpark-5/Documents/vadiyaaAI/app/workers/report_tasks.py", line 59, in analyze_report
    ml_result    = predict_safe(feature_dict)
                   ^^^^^^^^^^^^^^^^^^^^^^^^^^
  File "/home/techpark-5/Documents/vadiyaaAI/app/ml/predictor.py", line 97, in predict_safe
    model, scaler, explainer = _load_models()
                               ^^^^^^^^^^^^^^
  File "/home/techpark-5/Documents/vadiyaaAI/app/ml/predictor.py", line 58, in _load_models
    raise FileNotFoundError(
FileNotFoundError: pkl not found: /home/techpark-5/Documents/vadiyaaAI/app/ml/models/xgb_calibrated.pkl. Copy Shree's pkl files into app/ml/models/
[2026-04-27 11:34:34,288: INFO/MainProcess] Task app.workers.report_tasks.analyze_report[2bdc8fed-ee54-4824-b8a1-65cc97955772] received
[2026-04-27 11:34:39,354: ERROR/ForkPoolWorker-13] analyze_report failed for 10fe439f-d648-482b-9aa9-bc5b3cbeb402: pkl not found: /home/techpark-5/Documents/vadiyaaAI/app/ml/models/xgb_calibrated.pkl. Copy Shree's pkl files into app/ml/models/
[2026-04-27 11:34:39,362: INFO/ForkPoolWorker-13] Task app.workers.report_tasks.analyze_report[2bdc8fed-ee54-4824-b8a1-65cc97955772] retry: Retry in 5s: FileNotFoundError("pkl not found: /home/techpark-5/Documents/vadiyaaAI/app/ml/models/xgb_calibrated.pkl. Copy Shree's pkl files into app/ml/models/")
[2026-04-27 11:34:39,363: INFO/MainProcess] Task app.workers.report_tasks.analyze_report[2bdc8fed-ee54-4824-b8a1-65cc97955772] received
[2026-04-27 11:34:44,428: ERROR/ForkPoolWorker-13] analyze_report failed for 10fe439f-d648-482b-9aa9-bc5b3cbeb402: pkl not found: /home/techpark-5/Documents/vadiyaaAI/app/ml/models/xgb_calibrated.pkl. Copy Shree's pkl files into app/ml/models/
[2026-04-27 11:34:44,437: INFO/ForkPoolWorker-13] Task app.workers.report_tasks.analyze_report[2bdc8fed-ee54-4824-b8a1-65cc97955772] retry: Retry in 5s: FileNotFoundError("pkl not found: /home/techpark-5/Documents/vadiyaaAI/app/ml/models/xgb_calibrated.pkl. Copy Shree's pkl files into app/ml/models/")

worker: Warm shutdown (MainProcess)
